1100000000000000000000000000000000000000000000000000000000000000000000000000000000000000000000000000
1111111100000000000000000000000000000000000000000000000000000000000000000000000000000000000000000000
1111111111111100000000000000000000000000000000000000000000000000000000000000000000000000000000000000
1111111111111111111110000000000000000000000000000000000000000000000000000000000000000000000000000000
1101111111111011111111100000000000000000000000000000000000000000000000000000000000000000000000000000
1111111111111111111111111111000000000000000000000000000000000000000000000000000000000000000000000000
1111111111111111111101111110111110000000000000000000000000000000000000000000000000000000000000000000
0111111111111111111111111111111111111000000000000000000000000000000000000000000000000000000000000000
0110111111111101111110111111111101110110000000000000000000000000000000000000000000000000000000000000
0101111111111011111111111111101011111101110000000000000000000000000000000000000000000000000000000000
0011111111111111111111111111111111111111111110000000000000000000000000000000000000000000000000000000
0011111111111111111111111111111111111111111111000000000000000000000000000000000000000000000000000000
0011111111111111111111111111010111111111101111100000000000000000000000000000000000000000000000000000
0001111111111111111101111110111110111111011111111100000000000000000000000000000000000000000000000000
0000111111111101111110111111111101110110111111111111000000000000000000000000000000000000000000000000
0000111111111011111111111111101011111101111111011110100000000000000000000000000000000000000000000000
0000111111111111111111111111010111111111101111101111010000000000000000000000000000000000000000000000
0000111111111011111111111111101011111101111111011110101100000000000000000000000000000000000000000000
0000111011011111011111010111111111111011111101111101111010000000000000000000000000000000000000000000
0000011111111111111111111111111111111111111111111111111111100000000000000000000000000000000000000000
0000001111111111111111111111111111111111111111111111111111111110000000000000000000000000000000000000
0000000111111111111111111111111111111111111111111111111111111111110000000000000000000000000000000000
0000000110111111101111101101111111111111110111111011111101011101101110000000000000000000000000000000
0000000011011111011111010111111111111011111101111101111010101110111101111110000000000000000000000000
0000000011111101111110111111111101110110111111111111110111111111111011111101111100000000000000000000
0000000011111111111111111111111111111111111111111111111111111111111111111111111110000000000000000000
0000000011111111111101111110111110111111011111111111111111111111110111111111111011000000000000000000
0000000010111111101111101101111111111111110111111011111101011101101111111111111111100000000000000000
0000000001111111111111111111111111111111111111111111111111111111111111111111111111111100000000000000
0000000001111111111111111111111111111111111111111111111111111111111111111111111111111111000000000000
0000000001111111111111111111111111111111111111111111111111111111111111111111111111111111110000000000
0000000001011111011111010111111111111011111101111101111010101110111101111111111111011010111110000000
0000000000111111101111101101111111111111110111111011111101011101101111111111111111111101111111100000
0000000000011111011111010111111111111011111101111101111010101110111101111111111111011010111111110000
0000000000011111111111111111111111111111111111111111111111111111111111111111111111111111111111111000
0000000000011101111110111111111101110110111111111111110111111111111011111101111110110111111101111110
0000000000011011111111111111101011111101111111011110101111110111111111011011111111101111011011111101
0000000000001111111111111111010111111111101111101111011111111011111111101111111111111111101111011111
0000000000001111111111111111111111111111111111111111111111111111111111111111111111111111111111111111
0000000000001111111101111110111110111111011111111111111111111111110111111111111011111111111110111111
0000000000001111101111101101111111111111110111111011111101011101101111111111111111111101111111101111
0000000000000111011111010111111111111011111101111101111010101110111101111111111111011010111111111011
0000000000000111101111101101111111111111110111111011111101011101101111111111111111111101111111101111
0000000000000111011111010111111111111011111101111101111010101110111101111111111111011010111111111011
0000000000000111111111111111111111111111111111111111111111111111111111111111111111111111111111111111
0000000000000111101111101101111111111111110111111011111101011101101111111111111111111101111111101111
0000000000000111011111010111111111111011111101111101111010101110111101111111111111011010111111111011
0000000000000101111110111111111101110110111111111111110111111111111011111101111110110111111101111111
0000000000000011111111111111101011111101111111011110101111110111111111011011111111101111011011111101
0000000000000011111111111111010111111111101111101111011111111011111111101111111111111111101111011111
0000000000000011111111111111101011111101111111011110101111110111111111011011111111101111011011111101
0000000000000011111111111111111111111111111111111111111111111111111111111111111111111111111111111111
0000000000000011111111111111010111111111101111101111011111111011111111101111111111111111101111011111
0000000000000011111101111110111110111111011111111111111111111111110111111111111011111111111110111111
0000000000000001111111111111111111111111111111111111111111111111111111111111111111111111111111111111
0000000000000000111110111111111101110110111111111111110111111111111011111101111110110111111101111111
0000000000000000111111111111101011111101111111011110101111110111111111011011111111101111011011111101
0000000000000000011111010111111111111011111101111101111010101110111101111111111111011010111111111011
0000000000000000001110111111111101110110111111111111110111111111111011111101111110110111111101111111
0000000000000000001111111111111111111111111111111111111111111111111111111111111111111111111111111111
0000000000000000001111111111111111111111111111111111111111111111111111111111111111111111111111111111
0000000000000000001111111111101011111101111111011110101111110111111111011011111111101111011011111101
0000000000000000001111111111111111111111111111111111111111111111111111111111111111111111111111111111
0000000000000000001111010111111111111011111101111101111010101110111101111111111111011010111111111011
0000000000000000000111111111111111111111111111111111111111111111111111111111111111111111111111111111
0000000000000000000010111111111101110110111111111111110111111111111011111101111110110111111101111111
0000000000000000000001111111111111111111111111111111111111111111111111111111111111111111111111111111
0000000000000000000001111111101011111101111111011110101111110111111111011011111111101111011011111101
0000000000000000000001111111010111111111101111101111011111111011111111101111111111111111101111011111
0000000000000000000001111111111111111111111111111111111111111111111111111111111111111111111111111111
0000000000000000000001111111101011111101111111011110101111110111111111011011111111101111011011111101
0000000000000000000001010111111111111011111101111101111010101110111101111111111111011010111111111011
0000000000000000000000101101111111111111110111111011111101011101101111111111111111111101111111101111
0000000000000000000000010111111111111011111101111101111010101110111101111111111111011010111111111011
0000000000000000000000001111111101110110111111111111110111111111111011111101111110110111111101111111
0000000000000000000000001111101011111101111111011110101111110111111111011011111111101111011011111101
0000000000000000000000000111111111111011111101111101111010101110111101111111111111011010111111111011
0000000000000000000000000111111111111111111111111111111111111111111111111111111111111111111111111111
0000000000000000000000000111111111111111111111111111111111111111111111111111111111111111111111111111
0000000000000000000000000101111111111111110111111011111101011101101111111111111111111101111111101111
0000000000000000000000000011111111111011111101111101111010101110111101111111111111011010111111111011
0000000000000000000000000001111111111111110111111011111101011101101111111111111111111101111111101111
0000000000000000000000000001111111111011111101111101111010101110111101111111111111011010111111111011
0000000000000000000000000001111101110110111111111111110111111111111011111101111110110111111101111111
0000000000000000000000000000111110111111011111111111111111111111110111111111111011111111111110111111
0000000000000000000000000000111111111111110111111011111101011101101111111111111111111101111111101111
0000000000000000000000000000010111111111101111101111011111111011111111101111111111111111101111011111
0000000000000000000000000000001011111101111111011110101111110111111111011011111111101111011011111101
0000000000000000000000000000000111111111111111111111111111111111111111111111111111111111111111111111
0000000000000000000000000000000111111111101111101111011111111011111111101111111111111111101111011111
0000000000000000000000000000000010111111011111111111111111111111110111111111111011111111111110111111
0000000000000000000000000000000001111111111111111111111111111111111111111111111111111111111111111111
0000000000000000000000000000000001111111110111111011111101011101101111111111111111111101111111101111
0000000000000000000000000000000001111111101111101111011111111011111111101111111111111111101111011111
0000000000000000000000000000000000111101111111011110101111110111111111011011111111101111011011111101
0000000000000000000000000000000000111111101111101111011111111011111111101111111111111111101111011111
0000000000000000000000000000000000011101111111011110101111110111111111011011111111101111011011111101
0000000000000000000000000000000000011011111101111101111010101110111101111111111111011010111111111011
0000000000000000000000000000000000011111111111111111111111111111111111111111111111111111111111111111
0000000000000000000000000000000000011111110111111011111101011101101111111111111111111101111111101111
6278
